2025-03-25T00:46:39.180+07:00  WARN 29160 --- [hr-contract-manager] [HikariPool-1 housekeeper] com.zaxxer.hikari.pool.HikariPool        : HikariPool-1 - Thread starvation or clock leap detected (housekeeper delta=34m11s772ms).
2025-03-25T01:43:41.134+07:00  WARN 29160 --- [hr-contract-manager] [HikariPool-1 housekeeper] com.zaxxer.hikari.pool.HikariPool        : HikariPool-1 - Thread starvation or clock leap detected (housekeeper delta=57m1s954ms).
2025-03-25T01:44:29.088+07:00  INFO 29160 --- [hr-contract-manager] [SpringApplicationShutdownHook] o.s.b.w.e.tomcat.GracefulShutdown        : Commencing graceful shutdown. Waiting for active requests to complete
2025-03-25T01:44:29.096+07:00  INFO 29160 --- [hr-contract-manager] [tomcat-shutdown] o.s.b.w.e.tomcat.GracefulShutdown        : Graceful shutdown complete
2025-03-25T01:44:29.108+07:00  INFO 29160 --- [hr-contract-manager] [SpringApplicationShutdownHook] j.LocalContainerEntityManagerFactoryBean : Closing JPA EntityManagerFactory for persistence unit 'default'
2025-03-25T01:44:29.111+07:00  INFO 29160 --- [hr-contract-manager] [SpringApplicationShutdownHook] com.zaxxer.hikari.HikariDataSource       : HikariPool-1 - Shutdown initiated...
2025-03-25T01:44:29.128+07:00  INFO 29160 --- [hr-contract-manager] [SpringApplicationShutdownHook] com.zaxxer.hikari.HikariDataSource       : HikariPool-1 - Shutdown completed.
2025-03-25T01:44:41.641+07:00  INFO 29735 --- [hr-contract-manager] [main] com.project.hrcm.HrmApplication          : Starting HrmApplication using Java 21.0.5 with PID 29735 (/Volumes/Data/Websites/source/HRContractManager/target/classes started by nhh in /Volumes/Data/Websites/source/HRContractManager)
2025-03-25T01:44:41.642+07:00  INFO 29735 --- [hr-contract-manager] [main] com.project.hrcm.HrmApplication          : No active profile set, falling back to 1 default profile: "default"
2025-03-25T01:44:42.082+07:00  INFO 29735 --- [hr-contract-manager] [main] .s.d.r.c.RepositoryConfigurationDelegate : Bootstrapping Spring Data JPA repositories in DEFAULT mode.
2025-03-25T01:44:42.105+07:00  INFO 29735 --- [hr-contract-manager] [main] .s.d.r.c.RepositoryConfigurationDelegate : Finished Spring Data repository scanning in 18 ms. Found 1 JPA repository interface.
2025-03-25T01:44:42.523+07:00  INFO 29735 --- [hr-contract-manager] [main] o.s.b.w.embedded.tomcat.TomcatWebServer  : Tomcat initialized with port 8005 (http)
2025-03-25T01:44:42.533+07:00  INFO 29735 --- [hr-contract-manager] [main] o.apache.catalina.core.StandardService   : Starting service [Tomcat]
2025-03-25T01:44:42.533+07:00  INFO 29735 --- [hr-contract-manager] [main] o.apache.catalina.core.StandardEngine    : Starting Servlet engine: [Apache Tomcat/10.1.36]
2025-03-25T01:44:42.552+07:00  INFO 29735 --- [hr-contract-manager] [main] o.a.c.c.C.[Tomcat].[localhost].[/]       : Initializing Spring embedded WebApplicationContext
2025-03-25T01:44:42.553+07:00  INFO 29735 --- [hr-contract-manager] [main] w.s.c.ServletWebServerApplicationContext : Root WebApplicationContext: initialization completed in 887 ms
2025-03-25T01:44:42.691+07:00  INFO 29735 --- [hr-contract-manager] [main] o.hibernate.jpa.internal.util.LogHelper  : HHH000204: Processing PersistenceUnitInfo [name: default]
2025-03-25T01:44:42.719+07:00  INFO 29735 --- [hr-contract-manager] [main] org.hibernate.Version                    : HHH000412: Hibernate ORM core version 6.6.8.Final
2025-03-25T01:44:42.735+07:00  INFO 29735 --- [hr-contract-manager] [main] o.h.c.internal.RegionFactoryInitiator    : HHH000026: Second-level cache disabled
2025-03-25T01:44:42.881+07:00  INFO 29735 --- [hr-contract-manager] [main] o.s.o.j.p.SpringPersistenceUnitInfo      : No LoadTimeWeaver setup: ignoring JPA class transformer
2025-03-25T01:44:42.897+07:00  INFO 29735 --- [hr-contract-manager] [main] com.zaxxer.hikari.HikariDataSource       : HikariPool-1 - Starting...
2025-03-25T01:44:42.988+07:00  INFO 29735 --- [hr-contract-manager] [main] com.zaxxer.hikari.pool.HikariPool        : HikariPool-1 - Added connection com.mysql.cj.jdbc.ConnectionImpl@52a75c12
2025-03-25T01:44:42.988+07:00  INFO 29735 --- [hr-contract-manager] [main] com.zaxxer.hikari.HikariDataSource       : HikariPool-1 - Start completed.
2025-03-25T01:44:43.031+07:00  INFO 29735 --- [hr-contract-manager] [main] org.hibernate.orm.connections.pooling    : HHH10001005: Database info:
	Database JDBC URL [Connecting through datasource 'HikariDataSource (HikariPool-1)']
	Database driver: undefined/unknown
	Database version: 9.2
	Autocommit mode: undefined/unknown
	Isolation level: undefined/unknown
	Minimum pool size: undefined/unknown
	Maximum pool size: undefined/unknown
2025-03-25T01:44:43.427+07:00  INFO 29735 --- [hr-contract-manager] [main] o.h.e.t.j.p.i.JtaPlatformInitiator       : HHH000489: No JTA platform available (set 'hibernate.transaction.jta.platform' to enable JTA platform integration)
2025-03-25T01:44:43.429+07:00  INFO 29735 --- [hr-contract-manager] [main] j.LocalContainerEntityManagerFactoryBean : Initialized JPA EntityManagerFactory for persistence unit 'default'
2025-03-25T01:44:43.666+07:00  INFO 29735 --- [hr-contract-manager] [main] eAuthenticationProviderManagerConfigurer : Global AuthenticationManager configured with AuthenticationProvider bean with name authenticationProvider
2025-03-25T01:44:43.667+07:00  WARN 29735 --- [hr-contract-manager] [main] r$InitializeUserDetailsManagerConfigurer : Global AuthenticationManager configured with an AuthenticationProvider bean. UserDetailsService beans will not be used by Spring Security for automatically configuring username/password login. Consider removing the AuthenticationProvider bean. Alternatively, consider using the UserDetailsService in a manually instantiated DaoAuthenticationProvider. If the current configuration is intentional, to turn off this warning, increase the logging level of 'org.springframework.security.config.annotation.authentication.configuration.InitializeUserDetailsBeanManagerConfigurer' to ERROR
2025-03-25T01:44:43.998+07:00  INFO 29735 --- [hr-contract-manager] [main] o.s.b.a.e.web.EndpointLinksResolver      : Exposing 1 endpoint beneath base path '/actuator'
2025-03-25T01:44:44.342+07:00  INFO 29735 --- [hr-contract-manager] [main] o.s.b.w.embedded.tomcat.TomcatWebServer  : Tomcat started on port 8005 (http) with context path '/'
2025-03-25T01:44:44.350+07:00  INFO 29735 --- [hr-contract-manager] [main] com.project.hrcm.HrmApplication          : Started HrmApplication in 2.924 seconds (process running for 3.315)
2025-03-25T01:44:44.764+07:00  INFO 29735 --- [hr-contract-manager] [RMI TCP Connection(1)-127.0.0.1] o.a.c.c.C.[Tomcat].[localhost].[/]       : Initializing Spring DispatcherServlet 'dispatcherServlet'
2025-03-25T01:44:44.764+07:00  INFO 29735 --- [hr-contract-manager] [RMI TCP Connection(1)-127.0.0.1] o.s.web.servlet.DispatcherServlet        : Initializing Servlet 'dispatcherServlet'
2025-03-25T01:44:44.765+07:00  INFO 29735 --- [hr-contract-manager] [RMI TCP Connection(1)-127.0.0.1] o.s.web.servlet.DispatcherServlet        : Completed initialization in 1 ms
2025-03-25T01:45:41.275+07:00  INFO 29735 --- [hr-contract-manager] [SpringApplicationShutdownHook] o.s.b.w.e.tomcat.GracefulShutdown        : Commencing graceful shutdown. Waiting for active requests to complete
2025-03-25T01:45:41.285+07:00  INFO 29735 --- [hr-contract-manager] [tomcat-shutdown] o.s.b.w.e.tomcat.GracefulShutdown        : Graceful shutdown complete
2025-03-25T01:45:41.293+07:00  INFO 29735 --- [hr-contract-manager] [SpringApplicationShutdownHook] j.LocalContainerEntityManagerFactoryBean : Closing JPA EntityManagerFactory for persistence unit 'default'
2025-03-25T01:45:41.296+07:00  INFO 29735 --- [hr-contract-manager] [SpringApplicationShutdownHook] com.zaxxer.hikari.HikariDataSource       : HikariPool-1 - Shutdown initiated...
2025-03-25T01:45:41.302+07:00  INFO 29735 --- [hr-contract-manager] [SpringApplicationShutdownHook] com.zaxxer.hikari.HikariDataSource       : HikariPool-1 - Shutdown completed.
2025-03-25T01:45:46.500+07:00  INFO 29777 --- [hr-contract-manager] [main] com.project.hrcm.HrmApplication          : Starting HrmApplication using Java 21.0.5 with PID 29777 (/Volumes/Data/Websites/source/HRContractManager/target/classes started by nhh in /Volumes/Data/Websites/source/HRContractManager)
2025-03-25T01:45:46.502+07:00  INFO 29777 --- [hr-contract-manager] [main] com.project.hrcm.HrmApplication          : No active profile set, falling back to 1 default profile: "default"
2025-03-25T01:45:46.981+07:00  INFO 29777 --- [hr-contract-manager] [main] .s.d.r.c.RepositoryConfigurationDelegate : Bootstrapping Spring Data JPA repositories in DEFAULT mode.
2025-03-25T01:45:47.007+07:00  INFO 29777 --- [hr-contract-manager] [main] .s.d.r.c.RepositoryConfigurationDelegate : Finished Spring Data repository scanning in 21 ms. Found 1 JPA repository interface.
2025-03-25T01:45:47.422+07:00  INFO 29777 --- [hr-contract-manager] [main] o.s.b.w.embedded.tomcat.TomcatWebServer  : Tomcat initialized with port 8005 (http)
2025-03-25T01:45:47.430+07:00  INFO 29777 --- [hr-contract-manager] [main] o.apache.catalina.core.StandardService   : Starting service [Tomcat]
2025-03-25T01:45:47.430+07:00  INFO 29777 --- [hr-contract-manager] [main] o.apache.catalina.core.StandardEngine    : Starting Servlet engine: [Apache Tomcat/10.1.36]
2025-03-25T01:45:47.451+07:00  INFO 29777 --- [hr-contract-manager] [main] o.a.c.c.C.[Tomcat].[localhost].[/]       : Initializing Spring embedded WebApplicationContext
2025-03-25T01:45:47.451+07:00  INFO 29777 --- [hr-contract-manager] [main] w.s.c.ServletWebServerApplicationContext : Root WebApplicationContext: initialization completed in 931 ms
2025-03-25T01:45:47.641+07:00  INFO 29777 --- [hr-contract-manager] [main] o.hibernate.jpa.internal.util.LogHelper  : HHH000204: Processing PersistenceUnitInfo [name: default]
2025-03-25T01:45:47.684+07:00  INFO 29777 --- [hr-contract-manager] [main] org.hibernate.Version                    : HHH000412: Hibernate ORM core version 6.6.8.Final
2025-03-25T01:45:47.702+07:00  INFO 29777 --- [hr-contract-manager] [main] o.h.c.internal.RegionFactoryInitiator    : HHH000026: Second-level cache disabled
2025-03-25T01:45:47.844+07:00  INFO 29777 --- [hr-contract-manager] [main] o.s.o.j.p.SpringPersistenceUnitInfo      : No LoadTimeWeaver setup: ignoring JPA class transformer
2025-03-25T01:45:47.874+07:00  INFO 29777 --- [hr-contract-manager] [main] com.zaxxer.hikari.HikariDataSource       : HikariPool-1 - Starting...
2025-03-25T01:45:47.987+07:00  INFO 29777 --- [hr-contract-manager] [main] com.zaxxer.hikari.pool.HikariPool        : HikariPool-1 - Added connection com.mysql.cj.jdbc.ConnectionImpl@7b8fcdf2
2025-03-25T01:45:47.988+07:00  INFO 29777 --- [hr-contract-manager] [main] com.zaxxer.hikari.HikariDataSource       : HikariPool-1 - Start completed.
2025-03-25T01:45:48.036+07:00  INFO 29777 --- [hr-contract-manager] [main] org.hibernate.orm.connections.pooling    : HHH10001005: Database info:
	Database JDBC URL [Connecting through datasource 'HikariDataSource (HikariPool-1)']
	Database driver: undefined/unknown
	Database version: 9.2
	Autocommit mode: undefined/unknown
	Isolation level: undefined/unknown
	Minimum pool size: undefined/unknown
	Maximum pool size: undefined/unknown
2025-03-25T01:45:48.519+07:00  INFO 29777 --- [hr-contract-manager] [main] o.h.e.t.j.p.i.JtaPlatformInitiator       : HHH000489: No JTA platform available (set 'hibernate.transaction.jta.platform' to enable JTA platform integration)
2025-03-25T01:45:48.521+07:00  INFO 29777 --- [hr-contract-manager] [main] j.LocalContainerEntityManagerFactoryBean : Initialized JPA EntityManagerFactory for persistence unit 'default'
2025-03-25T01:45:48.810+07:00  INFO 29777 --- [hr-contract-manager] [main] eAuthenticationProviderManagerConfigurer : Global AuthenticationManager configured with AuthenticationProvider bean with name authenticationProvider
2025-03-25T01:45:48.811+07:00  WARN 29777 --- [hr-contract-manager] [main] r$InitializeUserDetailsManagerConfigurer : Global AuthenticationManager configured with an AuthenticationProvider bean. UserDetailsService beans will not be used by Spring Security for automatically configuring username/password login. Consider removing the AuthenticationProvider bean. Alternatively, consider using the UserDetailsService in a manually instantiated DaoAuthenticationProvider. If the current configuration is intentional, to turn off this warning, increase the logging level of 'org.springframework.security.config.annotation.authentication.configuration.InitializeUserDetailsBeanManagerConfigurer' to ERROR
2025-03-25T01:45:49.164+07:00  INFO 29777 --- [hr-contract-manager] [main] o.s.b.a.e.web.EndpointLinksResolver      : Exposing 1 endpoint beneath base path '/actuator'
2025-03-25T01:45:49.566+07:00  INFO 29777 --- [hr-contract-manager] [main] o.s.b.w.embedded.tomcat.TomcatWebServer  : Tomcat started on port 8005 (http) with context path '/'
2025-03-25T01:45:49.578+07:00  INFO 29777 --- [hr-contract-manager] [main] com.project.hrcm.HrmApplication          : Started HrmApplication in 3.292 seconds (process running for 4.295)
2025-03-25T01:45:49.773+07:00  INFO 29777 --- [hr-contract-manager] [RMI TCP Connection(4)-127.0.0.1] o.a.c.c.C.[Tomcat].[localhost].[/]       : Initializing Spring DispatcherServlet 'dispatcherServlet'
2025-03-25T01:45:49.773+07:00  INFO 29777 --- [hr-contract-manager] [RMI TCP Connection(4)-127.0.0.1] o.s.web.servlet.DispatcherServlet        : Initializing Servlet 'dispatcherServlet'
2025-03-25T01:45:49.776+07:00  INFO 29777 --- [hr-contract-manager] [RMI TCP Connection(4)-127.0.0.1] o.s.web.servlet.DispatcherServlet        : Completed initialization in 2 ms
2025-03-25T02:04:53.411+07:00  INFO 29777 --- [hr-contract-manager] [SpringApplicationShutdownHook] o.s.b.w.e.tomcat.GracefulShutdown        : Commencing graceful shutdown. Waiting for active requests to complete
2025-03-25T02:04:53.432+07:00  INFO 29777 --- [hr-contract-manager] [tomcat-shutdown] o.s.b.w.e.tomcat.GracefulShutdown        : Graceful shutdown complete
2025-03-25T02:04:53.446+07:00  INFO 29777 --- [hr-contract-manager] [SpringApplicationShutdownHook] j.LocalContainerEntityManagerFactoryBean : Closing JPA EntityManagerFactory for persistence unit 'default'
2025-03-25T02:04:53.458+07:00  INFO 29777 --- [hr-contract-manager] [SpringApplicationShutdownHook] com.zaxxer.hikari.HikariDataSource       : HikariPool-1 - Shutdown initiated...
2025-03-25T02:04:53.484+07:00  INFO 29777 --- [hr-contract-manager] [SpringApplicationShutdownHook] com.zaxxer.hikari.HikariDataSource       : HikariPool-1 - Shutdown completed.
